{"/Users/jordanhornback/multiverse/musicians-bands/Band.js": {"path":"/Users/jordanhornback/multiverse/musicians-bands/Band.js","statementMap":{"0":{"start":{"line":1,"column":49},"end":{"line":1,"column":64}},"1":{"start":{"line":6,"column":0},"end":{"line":11,"column":3}},"2":{"start":{"line":13,"column":0},"end":{"line":15,"column":2}}},"fnMap":{},"branchMap":{},"s":{"0":1,"1":1,"2":1},"f":{},"b":{},"_coverageSchema":"1a1c01bbd47fc00a2c39e90264f33305004495a9","hash":"99b0c2ad1c27ee57a4c1a22f2241cd9c1abaff80"}
,"/Users/jordanhornback/multiverse/musicians-bands/Musician.js": {"path":"/Users/jordanhornback/multiverse/musicians-bands/Musician.js","statementMap":{"0":{"start":{"line":1,"column":49},"end":{"line":1,"column":64}},"1":{"start":{"line":8,"column":0},"end":{"line":14,"column":3}},"2":{"start":{"line":16,"column":0},"end":{"line":18,"column":2}}},"fnMap":{},"branchMap":{},"s":{"0":1,"1":1,"2":1},"f":{},"b":{},"_coverageSchema":"1a1c01bbd47fc00a2c39e90264f33305004495a9","hash":"c7ae0b18603a0d0b87af6415bb526e949371cd7b"}
,"/Users/jordanhornback/multiverse/musicians-bands/db.js": {"path":"/Users/jordanhornback/multiverse/musicians-bands/db.js","statementMap":{"0":{"start":{"line":1,"column":13},"end":{"line":1,"column":28}},"1":{"start":{"line":2,"column":40},"end":{"line":2,"column":60}},"2":{"start":{"line":6,"column":18},"end":{"line":10,"column":2}},"3":{"start":{"line":12,"column":0},"end":{"line":17,"column":2}}},"fnMap":{},"branchMap":{},"s":{"0":1,"1":1,"2":1,"3":1},"f":{},"b":{},"_coverageSchema":"1a1c01bbd47fc00a2c39e90264f33305004495a9","hash":"8cb18564464c574438e21ee274d1b4bd0dd3b0c3"}
,"/Users/jordanhornback/multiverse/musicians-bands/index.js": {"path":"/Users/jordanhornback/multiverse/musicians-bands/index.js","statementMap":{"0":{"start":{"line":1,"column":15},"end":{"line":1,"column":32}},"1":{"start":{"line":2,"column":19},"end":{"line":2,"column":40}},"2":{"start":{"line":3,"column":38},"end":{"line":3,"column":53}},"3":{"start":{"line":4,"column":17},"end":{"line":4,"column":34}},"4":{"start":{"line":6,"column":0},"end":{"line":6,"column":25}},"5":{"start":{"line":7,"column":0},"end":{"line":7,"column":23}},"6":{"start":{"line":9,"column":0},"end":{"line":9,"column":49}},"7":{"start":{"line":10,"column":0},"end":{"line":10,"column":48}},"8":{"start":{"line":12,"column":0},"end":{"line":16,"column":2}}},"fnMap":{},"branchMap":{},"s":{"0":1,"1":1,"2":1,"3":1,"4":1,"5":1,"6":1,"7":1,"8":1},"f":{},"b":{},"_coverageSchema":"1a1c01bbd47fc00a2c39e90264f33305004495a9","hash":"e9cce8c6b9283c9173b17a05956f20306aaacb05"}
,"/Users/jordanhornback/multiverse/musicians-bands/song.js": {"path":"/Users/jordanhornback/multiverse/musicians-bands/song.js","statementMap":{"0":{"start":{"line":1,"column":49},"end":{"line":1,"column":64}},"1":{"start":{"line":6,"column":0},"end":{"line":10,"column":3}},"2":{"start":{"line":12,"column":0},"end":{"line":14,"column":2}}},"fnMap":{},"branchMap":{},"s":{"0":1,"1":1,"2":1},"f":{},"b":{},"_coverageSchema":"1a1c01bbd47fc00a2c39e90264f33305004495a9","hash":"d79c97d15517e0216fa07ef5ad9eac9f70864d33"}
}
